Analysis & Synthesis report for Semaforo
Tue Jul 05 15:33:49 2022
Quartus Prime Version 20.1.1 Build 720 11/11/2020 SJ Lite Edition


---------------------
; Table of Contents ;
---------------------
  1. Legal Notice
  2. Analysis & Synthesis Summary
  3. Analysis & Synthesis Settings
  4. Parallel Compilation
  5. Analysis & Synthesis Source Files Read
  6. Analysis & Synthesis Resource Usage Summary
  7. Analysis & Synthesis Resource Utilization by Entity
  8. State Machine - |Semaforo|Maquina_Estados_Sem:MaquinaEstados|edo_pres
  9. General Register Statistics
 10. Inverted Register Statistics
 11. Multiplexer Restructuring Statistics (Restructuring Performed)
 12. Parameter Settings for User Entity Instance: Bin_a_BCD:BCD_NoPaso_Peatones
 13. Parameter Settings for User Entity Instance: Bin_a_BCD:BCD_Paso_Peatones
 14. Port Connectivity Checks: "Cont_Peatonal_P:Cuenta_Paso_Peatones"
 15. Port Connectivity Checks: "Cont_Peatonal_NP:Cuenta_NoPaso_Peatones"
 16. Port Connectivity Checks: "div_frec:Reloj1Seg"
 17. Post-Synthesis Netlist Statistics for Top Partition
 18. Elapsed Time Per Partition
 19. Analysis & Synthesis Messages



----------------
; Legal Notice ;
----------------
Copyright (C) 2020  Intel Corporation. All rights reserved.
Your use of Intel Corporation's design tools, logic functions 
and other software and tools, and any partner logic 
functions, and any output files from any of the foregoing 
(including device programming or simulation files), and any 
associated documentation or information are expressly subject 
to the terms and conditions of the Intel Program License 
Subscription Agreement, the Intel Quartus Prime License Agreement,
the Intel FPGA IP License Agreement, or other applicable license
agreement, including, without limitation, that your use is for
the sole purpose of programming logic devices manufactured by
Intel and sold by Intel or its authorized distributors.  Please
refer to the applicable agreement for further details, at
https://fpgasoftware.intel.com/eula.



+----------------------------------------------------------------------------------+
; Analysis & Synthesis Summary                                                     ;
+------------------------------------+---------------------------------------------+
; Analysis & Synthesis Status        ; Successful - Tue Jul 05 15:33:49 2022       ;
; Quartus Prime Version              ; 20.1.1 Build 720 11/11/2020 SJ Lite Edition ;
; Revision Name                      ; Semaforo                                    ;
; Top-level Entity Name              ; Semaforo                                    ;
; Family                             ; Cyclone IV E                                ;
; Total logic elements               ; 182                                         ;
;     Total combinational functions  ; 182                                         ;
;     Dedicated logic registers      ; 88                                          ;
; Total registers                    ; 88                                          ;
; Total pins                         ; 23                                          ;
; Total virtual pins                 ; 0                                           ;
; Total memory bits                  ; 0                                           ;
; Embedded Multiplier 9-bit elements ; 0                                           ;
; Total PLLs                         ; 0                                           ;
+------------------------------------+---------------------------------------------+


+------------------------------------------------------------------------------------------------------------+
; Analysis & Synthesis Settings                                                                              ;
+------------------------------------------------------------------+--------------------+--------------------+
; Option                                                           ; Setting            ; Default Value      ;
+------------------------------------------------------------------+--------------------+--------------------+
; Device                                                           ; EP4CE10E22C8       ;                    ;
; Top-level entity name                                            ; Semaforo           ; Semaforo           ;
; Family name                                                      ; Cyclone IV E       ; Cyclone V          ;
; Use smart compilation                                            ; Off                ; Off                ;
; Enable parallel Assembler and Timing Analyzer during compilation ; On                 ; On                 ;
; Enable compact report table                                      ; Off                ; Off                ;
; Restructure Multiplexers                                         ; Auto               ; Auto               ;
; Create Debugging Nodes for IP Cores                              ; Off                ; Off                ;
; Preserve fewer node names                                        ; On                 ; On                 ;
; Intel FPGA IP Evaluation Mode                                    ; Enable             ; Enable             ;
; Verilog Version                                                  ; Verilog_2001       ; Verilog_2001       ;
; VHDL Version                                                     ; VHDL_1993          ; VHDL_1993          ;
; State Machine Processing                                         ; Auto               ; Auto               ;
; Safe State Machine                                               ; Off                ; Off                ;
; Extract Verilog State Machines                                   ; On                 ; On                 ;
; Extract VHDL State Machines                                      ; On                 ; On                 ;
; Ignore Verilog initial constructs                                ; Off                ; Off                ;
; Iteration limit for constant Verilog loops                       ; 5000               ; 5000               ;
; Iteration limit for non-constant Verilog loops                   ; 250                ; 250                ;
; Add Pass-Through Logic to Inferred RAMs                          ; On                 ; On                 ;
; Infer RAMs from Raw Logic                                        ; On                 ; On                 ;
; Parallel Synthesis                                               ; On                 ; On                 ;
; DSP Block Balancing                                              ; Auto               ; Auto               ;
; NOT Gate Push-Back                                               ; On                 ; On                 ;
; Power-Up Don't Care                                              ; On                 ; On                 ;
; Remove Redundant Logic Cells                                     ; Off                ; Off                ;
; Remove Duplicate Registers                                       ; On                 ; On                 ;
; Ignore CARRY Buffers                                             ; Off                ; Off                ;
; Ignore CASCADE Buffers                                           ; Off                ; Off                ;
; Ignore GLOBAL Buffers                                            ; Off                ; Off                ;
; Ignore ROW GLOBAL Buffers                                        ; Off                ; Off                ;
; Ignore LCELL Buffers                                             ; Off                ; Off                ;
; Ignore SOFT Buffers                                              ; On                 ; On                 ;
; Limit AHDL Integers to 32 Bits                                   ; Off                ; Off                ;
; Optimization Technique                                           ; Balanced           ; Balanced           ;
; Carry Chain Length                                               ; 70                 ; 70                 ;
; Auto Carry Chains                                                ; On                 ; On                 ;
; Auto Open-Drain Pins                                             ; On                 ; On                 ;
; Perform WYSIWYG Primitive Resynthesis                            ; Off                ; Off                ;
; Auto ROM Replacement                                             ; On                 ; On                 ;
; Auto RAM Replacement                                             ; On                 ; On                 ;
; Auto DSP Block Replacement                                       ; On                 ; On                 ;
; Auto Shift Register Replacement                                  ; Auto               ; Auto               ;
; Allow Shift Register Merging across Hierarchies                  ; Auto               ; Auto               ;
; Auto Clock Enable Replacement                                    ; On                 ; On                 ;
; Strict RAM Replacement                                           ; Off                ; Off                ;
; Allow Synchronous Control Signals                                ; On                 ; On                 ;
; Force Use of Synchronous Clear Signals                           ; Off                ; Off                ;
; Auto RAM Block Balancing                                         ; On                 ; On                 ;
; Auto RAM to Logic Cell Conversion                                ; Off                ; Off                ;
; Auto Resource Sharing                                            ; Off                ; Off                ;
; Allow Any RAM Size For Recognition                               ; Off                ; Off                ;
; Allow Any ROM Size For Recognition                               ; Off                ; Off                ;
; Allow Any Shift Register Size For Recognition                    ; Off                ; Off                ;
; Use LogicLock Constraints during Resource Balancing              ; On                 ; On                 ;
; Ignore translate_off and synthesis_off directives                ; Off                ; Off                ;
; Timing-Driven Synthesis                                          ; On                 ; On                 ;
; Report Parameter Settings                                        ; On                 ; On                 ;
; Report Source Assignments                                        ; On                 ; On                 ;
; Report Connectivity Checks                                       ; On                 ; On                 ;
; Ignore Maximum Fan-Out Assignments                               ; Off                ; Off                ;
; Synchronization Register Chain Length                            ; 2                  ; 2                  ;
; Power Optimization During Synthesis                              ; Normal compilation ; Normal compilation ;
; HDL message level                                                ; Level2             ; Level2             ;
; Suppress Register Optimization Related Messages                  ; Off                ; Off                ;
; Number of Removed Registers Reported in Synthesis Report         ; 5000               ; 5000               ;
; Number of Swept Nodes Reported in Synthesis Report               ; 5000               ; 5000               ;
; Number of Inverted Registers Reported in Synthesis Report        ; 100                ; 100                ;
; Clock MUX Protection                                             ; On                 ; On                 ;
; Auto Gated Clock Conversion                                      ; Off                ; Off                ;
; Block Design Naming                                              ; Auto               ; Auto               ;
; SDC constraint protection                                        ; Off                ; Off                ;
; Synthesis Effort                                                 ; Auto               ; Auto               ;
; Shift Register Replacement - Allow Asynchronous Clear Signal     ; On                 ; On                 ;
; Pre-Mapping Resynthesis Optimization                             ; Off                ; Off                ;
; Analysis & Synthesis Message Level                               ; Medium             ; Medium             ;
; Disable Register Merging Across Hierarchies                      ; Auto               ; Auto               ;
; Resource Aware Inference For Block RAM                           ; On                 ; On                 ;
+------------------------------------------------------------------+--------------------+--------------------+


+------------------------------------------+
; Parallel Compilation                     ;
+----------------------------+-------------+
; Processors                 ; Number      ;
+----------------------------+-------------+
; Number detected on machine ; 8           ;
; Maximum allowed            ; 4           ;
;                            ;             ;
; Average used               ; 1.00        ;
; Maximum used               ; 4           ;
;                            ;             ;
; Usage by Processor         ; % Time Used ;
;     Processor 1            ; 100.0%      ;
;     Processor 2            ;   0.0%      ;
;     Processors 3-4         ;   0.0%      ;
+----------------------------+-------------+


+-----------------------------------------------------------------------------------------------------------------------------------------------------------------------------------------------------------------+
; Analysis & Synthesis Source Files Read                                                                                                                                                                          ;
+----------------------------------+-----------------+-----------------+--------------------------------------------------------------------------------------------------------------------------------+---------+
; File Name with User-Entered Path ; Used in Netlist ; File Type       ; File Name with Absolute Path                                                                                                   ; Library ;
+----------------------------------+-----------------+-----------------+--------------------------------------------------------------------------------------------------------------------------------+---------+
; Selector_7Seg.vhd                ; yes             ; User VHDL File  ; D:/Electrónica Digital I/Proyecto version 3/Proyecto_Final_ED1-20220703T003139Z-001/Proyecto_Final_ED1/Selector_7Seg.vhd       ;         ;
; BCD_a_7seg.vhd                   ; yes             ; User VHDL File  ; D:/Electrónica Digital I/Proyecto version 3/Proyecto_Final_ED1-20220703T003139Z-001/Proyecto_Final_ED1/BCD_a_7seg.vhd          ;         ;
; Bin_a_BCD.vhd                    ; yes             ; User VHDL File  ; D:/Electrónica Digital I/Proyecto version 3/Proyecto_Final_ED1-20220703T003139Z-001/Proyecto_Final_ED1/Bin_a_BCD.vhd           ;         ;
; div_frec.vhd                     ; yes             ; User VHDL File  ; D:/Electrónica Digital I/Proyecto version 3/Proyecto_Final_ED1-20220703T003139Z-001/Proyecto_Final_ED1/div_frec.vhd            ;         ;
; Cont_Peatonal_NP.vhd             ; yes             ; User VHDL File  ; D:/Electrónica Digital I/Proyecto version 3/Proyecto_Final_ED1-20220703T003139Z-001/Proyecto_Final_ED1/Cont_Peatonal_NP.vhd    ;         ;
; Maquina_Estados_Sem.vhd          ; yes             ; User VHDL File  ; D:/Electrónica Digital I/Proyecto version 3/Proyecto_Final_ED1-20220703T003139Z-001/Proyecto_Final_ED1/Maquina_Estados_Sem.vhd ;         ;
; Cont_Peatonal_P.vhd              ; yes             ; User VHDL File  ; D:/Electrónica Digital I/Proyecto version 3/Proyecto_Final_ED1-20220703T003139Z-001/Proyecto_Final_ED1/Cont_Peatonal_P.vhd     ;         ;
; Semaforo.vhd                     ; yes             ; User VHDL File  ; D:/Electrónica Digital I/Proyecto version 3/Proyecto_Final_ED1-20220703T003139Z-001/Proyecto_Final_ED1/Semaforo.vhd            ;         ;
; Cont_Sem.vhd                     ; yes             ; User VHDL File  ; D:/Electrónica Digital I/Proyecto version 3/Proyecto_Final_ED1-20220703T003139Z-001/Proyecto_Final_ED1/Cont_Sem.vhd            ;         ;
; Control_Sensores.vhd             ; yes             ; User VHDL File  ; D:/Electrónica Digital I/Proyecto version 3/Proyecto_Final_ED1-20220703T003139Z-001/Proyecto_Final_ED1/Control_Sensores.vhd    ;         ;
+----------------------------------+-----------------+-----------------+--------------------------------------------------------------------------------------------------------------------------------+---------+


+-----------------------------------------------------------+
; Analysis & Synthesis Resource Usage Summary               ;
+---------------------------------------------+-------------+
; Resource                                    ; Usage       ;
+---------------------------------------------+-------------+
; Estimated Total logic elements              ; 182         ;
;                                             ;             ;
; Total combinational functions               ; 182         ;
; Logic element usage by number of LUT inputs ;             ;
;     -- 4 input functions                    ; 75          ;
;     -- 3 input functions                    ; 16          ;
;     -- <=2 input functions                  ; 91          ;
;                                             ;             ;
; Logic elements by mode                      ;             ;
;     -- normal mode                          ; 123         ;
;     -- arithmetic mode                      ; 59          ;
;                                             ;             ;
; Total registers                             ; 88          ;
;     -- Dedicated logic registers            ; 88          ;
;     -- I/O registers                        ; 0           ;
;                                             ;             ;
; I/O pins                                    ; 23          ;
;                                             ;             ;
; Embedded Multiplier 9-bit elements          ; 0           ;
;                                             ;             ;
; Maximum fan-out node                        ; Clock~input ;
; Maximum fan-out                             ; 47          ;
; Total fan-out                               ; 818         ;
; Average fan-out                             ; 2.59        ;
+---------------------------------------------+-------------+


+------------------------------------------------------------------------------------------------------------------------------------------------------------------------------------------------------------------------------------------------------------------------+
; Analysis & Synthesis Resource Utilization by Entity                                                                                                                                                                                                                    ;
+----------------------------------------------+---------------------+---------------------------+-------------+--------------+---------+-----------+------+--------------+---------------------------------------------------------+---------------------+--------------+
; Compilation Hierarchy Node                   ; Combinational ALUTs ; Dedicated Logic Registers ; Memory Bits ; DSP Elements ; DSP 9x9 ; DSP 18x18 ; Pins ; Virtual Pins ; Full Hierarchy Name                                     ; Entity Name         ; Library Name ;
+----------------------------------------------+---------------------+---------------------------+-------------+--------------+---------+-----------+------+--------------+---------------------------------------------------------+---------------------+--------------+
; |Semaforo                                    ; 182 (1)             ; 88 (0)                    ; 0           ; 0            ; 0       ; 0         ; 23   ; 0            ; |Semaforo                                               ; Semaforo            ; work         ;
;    |Bin_a_BCD:BCD_NoPaso_Peatones|           ; 5 (5)               ; 0 (0)                     ; 0           ; 0            ; 0       ; 0         ; 0    ; 0            ; |Semaforo|Bin_a_BCD:BCD_NoPaso_Peatones                 ; Bin_a_BCD           ; work         ;
;    |Bin_a_BCD:BCD_Paso_Peatones|             ; 5 (5)               ; 0 (0)                     ; 0           ; 0            ; 0       ; 0         ; 0    ; 0            ; |Semaforo|Bin_a_BCD:BCD_Paso_Peatones                   ; Bin_a_BCD           ; work         ;
;    |Cont_Peatonal_NP:Cuenta_NoPaso_Peatones| ; 16 (16)             ; 10 (10)                   ; 0           ; 0            ; 0       ; 0         ; 0    ; 0            ; |Semaforo|Cont_Peatonal_NP:Cuenta_NoPaso_Peatones       ; Cont_Peatonal_NP    ; work         ;
;    |Cont_Peatonal_P:Cuenta_Paso_Peatones|    ; 10 (10)             ; 9 (9)                     ; 0           ; 0            ; 0       ; 0         ; 0    ; 0            ; |Semaforo|Cont_Peatonal_P:Cuenta_Paso_Peatones          ; Cont_Peatonal_P     ; work         ;
;    |Cont_Sem:Contador_Tiempo|                ; 5 (5)               ; 5 (5)                     ; 0           ; 0            ; 0       ; 0         ; 0    ; 0            ; |Semaforo|Cont_Sem:Contador_Tiempo                      ; Cont_Sem            ; work         ;
;    |Control_Sensores:Controlador_Sensores|   ; 19 (19)             ; 12 (12)                   ; 0           ; 0            ; 0       ; 0         ; 0    ; 0            ; |Semaforo|Control_Sensores:Controlador_Sensores         ; Control_Sensores    ; work         ;
;    |Maquina_Estados_Sem:MaquinaEstados|      ; 7 (7)               ; 5 (5)                     ; 0           ; 0            ; 0       ; 0         ; 0    ; 0            ; |Semaforo|Maquina_Estados_Sem:MaquinaEstados            ; Maquina_Estados_Sem ; work         ;
;    |Selector_7Seg:Selector|                  ; 63 (43)             ; 18 (18)                   ; 0           ; 0            ; 0       ; 0         ; 0    ; 0            ; |Semaforo|Selector_7Seg:Selector                        ; Selector_7Seg       ; work         ;
;       |BCD_a_7seg:Decenas_NP|                ; 3 (3)               ; 0 (0)                     ; 0           ; 0            ; 0       ; 0         ; 0    ; 0            ; |Semaforo|Selector_7Seg:Selector|BCD_a_7seg:Decenas_NP  ; BCD_a_7seg          ; work         ;
;       |BCD_a_7seg:Decenas_P|                 ; 3 (3)               ; 0 (0)                     ; 0           ; 0            ; 0       ; 0         ; 0    ; 0            ; |Semaforo|Selector_7Seg:Selector|BCD_a_7seg:Decenas_P   ; BCD_a_7seg          ; work         ;
;       |BCD_a_7seg:Unidades_NP|               ; 7 (7)               ; 0 (0)                     ; 0           ; 0            ; 0       ; 0         ; 0    ; 0            ; |Semaforo|Selector_7Seg:Selector|BCD_a_7seg:Unidades_NP ; BCD_a_7seg          ; work         ;
;       |BCD_a_7seg:Unidades_P|                ; 7 (7)               ; 0 (0)                     ; 0           ; 0            ; 0       ; 0         ; 0    ; 0            ; |Semaforo|Selector_7Seg:Selector|BCD_a_7seg:Unidades_P  ; BCD_a_7seg          ; work         ;
;    |div_frec:Reloj1Seg|                      ; 51 (51)             ; 29 (29)                   ; 0           ; 0            ; 0       ; 0         ; 0    ; 0            ; |Semaforo|div_frec:Reloj1Seg                            ; div_frec            ; work         ;
+----------------------------------------------+---------------------+---------------------------+-------------+--------------+---------+-----------+------+--------------+---------------------------------------------------------+---------------------+--------------+
Note: For table entries with two numbers listed, the numbers in parentheses indicate the number of resources of the given type used by the specific entity alone. The numbers listed outside of parentheses indicate the total resources of the given type used by the specific entity and all of its sub-entities in the hierarchy.


Encoding Type:  One-Hot
+-----------------------------------------------------------------------------------+
; State Machine - |Semaforo|Maquina_Estados_Sem:MaquinaEstados|edo_pres             ;
+-------------+-------------+-------------+-------------+-------------+-------------+
; Name        ; edo_pres.S4 ; edo_pres.S3 ; edo_pres.S2 ; edo_pres.S1 ; edo_pres.S0 ;
+-------------+-------------+-------------+-------------+-------------+-------------+
; edo_pres.S0 ; 0           ; 0           ; 0           ; 0           ; 0           ;
; edo_pres.S1 ; 0           ; 0           ; 0           ; 1           ; 1           ;
; edo_pres.S2 ; 0           ; 0           ; 1           ; 0           ; 1           ;
; edo_pres.S3 ; 0           ; 1           ; 0           ; 0           ; 1           ;
; edo_pres.S4 ; 1           ; 0           ; 0           ; 0           ; 1           ;
+-------------+-------------+-------------+-------------+-------------+-------------+


+------------------------------------------------------+
; General Register Statistics                          ;
+----------------------------------------------+-------+
; Statistic                                    ; Value ;
+----------------------------------------------+-------+
; Total registers                              ; 88    ;
; Number of registers using Synchronous Clear  ; 17    ;
; Number of registers using Synchronous Load   ; 10    ;
; Number of registers using Asynchronous Clear ; 36    ;
; Number of registers using Asynchronous Load  ; 0     ;
; Number of registers using Clock Enable       ; 9     ;
; Number of registers using Preset             ; 0     ;
+----------------------------------------------+-------+


+---------------------------------------------------------------+
; Inverted Register Statistics                                  ;
+-----------------------------------------------------+---------+
; Inverted Register                                   ; Fan out ;
+-----------------------------------------------------+---------+
; Cont_Peatonal_P:Cuenta_Paso_Peatones|Q_intP[1]      ; 10      ;
; Cont_Peatonal_P:Cuenta_Paso_Peatones|Q_intP[3]      ; 11      ;
; Cont_Peatonal_NP:Cuenta_NoPaso_Peatones|Q_intNP[2]  ; 11      ;
; Cont_Peatonal_NP:Cuenta_NoPaso_Peatones|Q_intNP[1]  ; 10      ;
; Cont_Peatonal_NP:Cuenta_NoPaso_Peatones|Q_intNP[4]  ; 11      ;
; Control_Sensores:Controlador_Sensores|Senal_Sensor  ; 3       ;
; Cont_Peatonal_P:Cuenta_Paso_Peatones|numeroP[3]     ; 4       ;
; Cont_Peatonal_P:Cuenta_Paso_Peatones|numeroP[1]     ; 5       ;
; Cont_Peatonal_P:Cuenta_Paso_Peatones|numeroP[0]     ; 5       ;
; Cont_Peatonal_NP:Cuenta_NoPaso_Peatones|numeroNP[1] ; 6       ;
; Cont_Peatonal_NP:Cuenta_NoPaso_Peatones|numeroNP[4] ; 2       ;
; Cont_Peatonal_NP:Cuenta_NoPaso_Peatones|numeroNP[2] ; 2       ;
; Cont_Peatonal_NP:Cuenta_NoPaso_Peatones|numeroNP[0] ; 2       ;
; Control_Sensores:Controlador_Sensores|Btn           ; 2       ;
; Total number of inverted registers = 14             ;         ;
+-----------------------------------------------------+---------+


+-------------------------------------------------------------------------------------------------------------------------------------------------------------+
; Multiplexer Restructuring Statistics (Restructuring Performed)                                                                                              ;
+--------------------+-----------+---------------+----------------------+------------------------+------------+-----------------------------------------------+
; Multiplexer Inputs ; Bus Width ; Baseline Area ; Area if Restructured ; Saving if Restructured ; Registered ; Example Multiplexer Output                    ;
+--------------------+-----------+---------------+----------------------+------------------------+------------+-----------------------------------------------+
; 4:1                ; 6 bits    ; 12 LEs        ; 12 LEs               ; 0 LEs                  ; No         ; |Semaforo|Selector_7Seg:Selector|Segmentos[4] ;
+--------------------+-----------+---------------+----------------------+------------------------+------------+-----------------------------------------------+


+----------------------------------------------------------------------------+
; Parameter Settings for User Entity Instance: Bin_a_BCD:BCD_NoPaso_Peatones ;
+----------------+-------+---------------------------------------------------+
; Parameter Name ; Value ; Type                                              ;
+----------------+-------+---------------------------------------------------+
; n_bits         ; 5     ; Signed Integer                                    ;
; nb_salida      ; 8     ; Signed Integer                                    ;
+----------------+-------+---------------------------------------------------+
Note: In order to hide this table in the UI and the text report file, please set the "Show Parameter Settings in Synthesis Report" option in "Analysis and Synthesis Settings -> More Settings" to "Off".


+--------------------------------------------------------------------------+
; Parameter Settings for User Entity Instance: Bin_a_BCD:BCD_Paso_Peatones ;
+----------------+-------+-------------------------------------------------+
; Parameter Name ; Value ; Type                                            ;
+----------------+-------+-------------------------------------------------+
; n_bits         ; 5     ; Signed Integer                                  ;
; nb_salida      ; 8     ; Signed Integer                                  ;
+----------------+-------+-------------------------------------------------+
Note: In order to hide this table in the UI and the text report file, please set the "Show Parameter Settings in Synthesis Report" option in "Analysis and Synthesis Settings -> More Settings" to "Off".


+-----------------------------------------------------------------------------------------------------------------+
; Port Connectivity Checks: "Cont_Peatonal_P:Cuenta_Paso_Peatones"                                                ;
+-------+--------+----------+-------------------------------------------------------------------------------------+
; Port  ; Type   ; Severity ; Details                                                                             ;
+-------+--------+----------+-------------------------------------------------------------------------------------+
; num_p ; Output ; Info     ; Connected to dangling logic. Logic that only feeds a dangling port will be removed. ;
+-------+--------+----------+-------------------------------------------------------------------------------------+


+------------------------------------------------------------------------------------------------------------------+
; Port Connectivity Checks: "Cont_Peatonal_NP:Cuenta_NoPaso_Peatones"                                              ;
+--------+--------+----------+-------------------------------------------------------------------------------------+
; Port   ; Type   ; Severity ; Details                                                                             ;
+--------+--------+----------+-------------------------------------------------------------------------------------+
; num_np ; Output ; Info     ; Connected to dangling logic. Logic that only feeds a dangling port will be removed. ;
+--------+--------+----------+-------------------------------------------------------------------------------------+


+---------------------------------------------------+
; Port Connectivity Checks: "div_frec:Reloj1Seg"    ;
+-----------------+-------+----------+--------------+
; Port            ; Type  ; Severity ; Details      ;
+-----------------+-------+----------+--------------+
; nciclos[22..18] ; Input ; Info     ; Stuck at VCC ;
; nciclos[14..11] ; Input ; Info     ; Stuck at VCC ;
; nciclos[31..25] ; Input ; Info     ; Stuck at GND ;
; nciclos[10..7]  ; Input ; Info     ; Stuck at GND ;
; nciclos[5..0]   ; Input ; Info     ; Stuck at GND ;
; nciclos[24]     ; Input ; Info     ; Stuck at VCC ;
; nciclos[23]     ; Input ; Info     ; Stuck at GND ;
; nciclos[17]     ; Input ; Info     ; Stuck at GND ;
; nciclos[16]     ; Input ; Info     ; Stuck at VCC ;
; nciclos[15]     ; Input ; Info     ; Stuck at GND ;
; nciclos[6]      ; Input ; Info     ; Stuck at VCC ;
+-----------------+-------+----------+--------------+


+-----------------------------------------------------+
; Post-Synthesis Netlist Statistics for Top Partition ;
+-----------------------+-----------------------------+
; Type                  ; Count                       ;
+-----------------------+-----------------------------+
; boundary_port         ; 23                          ;
; cycloneiii_ff         ; 88                          ;
;     CLR               ; 17                          ;
;     CLR SLD           ; 10                          ;
;     ENA CLR           ; 9                           ;
;     SCLR              ; 17                          ;
;     plain             ; 35                          ;
; cycloneiii_lcell_comb ; 186                         ;
;     arith             ; 59                          ;
;         2 data inputs ; 59                          ;
;     normal            ; 127                         ;
;         0 data inputs ; 1                           ;
;         1 data inputs ; 12                          ;
;         2 data inputs ; 23                          ;
;         3 data inputs ; 16                          ;
;         4 data inputs ; 75                          ;
;                       ;                             ;
; Max LUT depth         ; 4.40                        ;
; Average LUT depth     ; 2.76                        ;
+-----------------------+-----------------------------+


+-------------------------------+
; Elapsed Time Per Partition    ;
+----------------+--------------+
; Partition Name ; Elapsed Time ;
+----------------+--------------+
; Top            ; 00:00:01     ;
+----------------+--------------+


+-------------------------------+
; Analysis & Synthesis Messages ;
+-------------------------------+
Info: *******************************************************************
Info: Running Quartus Prime Analysis & Synthesis
    Info: Version 20.1.1 Build 720 11/11/2020 SJ Lite Edition
    Info: Processing started: Tue Jul 05 15:33:31 2022
Info: Command: quartus_map --read_settings_files=on --write_settings_files=off Semaforo -c Semaforo
Warning (18236): Number of processors has not been specified which may cause overloading on shared machines.  Set the global assignment NUM_PARALLEL_PROCESSORS in your QSF to an appropriate value for best performance.
Info (20030): Parallel compilation is enabled and will use 4 of the 4 processors detected
Info (12021): Found 2 design units, including 1 entities, in source file selector_7seg.vhd
    Info (12022): Found design unit 1: Selector_7Seg-Seleccionar File: D:/Electrónica Digital I/Proyecto version 3/Proyecto_Final_ED1-20220703T003139Z-001/Proyecto_Final_ED1/Selector_7Seg.vhd Line: 27
    Info (12023): Found entity 1: Selector_7Seg File: D:/Electrónica Digital I/Proyecto version 3/Proyecto_Final_ED1-20220703T003139Z-001/Proyecto_Final_ED1/Selector_7Seg.vhd Line: 6
Info (12021): Found 2 design units, including 1 entities, in source file bcd_a_7seg.vhd
    Info (12022): Found design unit 1: BCD_a_7seg-Behavioralbcd File: D:/Electrónica Digital I/Proyecto version 3/Proyecto_Final_ED1-20220703T003139Z-001/Proyecto_Final_ED1/BCD_a_7seg.vhd Line: 12
    Info (12023): Found entity 1: BCD_a_7seg File: D:/Electrónica Digital I/Proyecto version 3/Proyecto_Final_ED1-20220703T003139Z-001/Proyecto_Final_ED1/BCD_a_7seg.vhd Line: 6
Info (12021): Found 2 design units, including 1 entities, in source file bin_a_bcd.vhd
    Info (12022): Found design unit 1: Bin_a_BCD-Convertir File: D:/Electrónica Digital I/Proyecto version 3/Proyecto_Final_ED1-20220703T003139Z-001/Proyecto_Final_ED1/Bin_a_BCD.vhd Line: 17
    Info (12023): Found entity 1: Bin_a_BCD File: D:/Electrónica Digital I/Proyecto version 3/Proyecto_Final_ED1-20220703T003139Z-001/Proyecto_Final_ED1/Bin_a_BCD.vhd Line: 6
Info (12021): Found 2 design units, including 1 entities, in source file div_frec.vhd
    Info (12022): Found design unit 1: div_frec-divisor File: D:/Electrónica Digital I/Proyecto version 3/Proyecto_Final_ED1-20220703T003139Z-001/Proyecto_Final_ED1/div_frec.vhd Line: 20
    Info (12023): Found entity 1: div_frec File: D:/Electrónica Digital I/Proyecto version 3/Proyecto_Final_ED1-20220703T003139Z-001/Proyecto_Final_ED1/div_frec.vhd Line: 7
Info (12021): Found 2 design units, including 1 entities, in source file cont_peatonal_np.vhd
    Info (12022): Found design unit 1: Cont_Peatonal_NP-Cuenta_NP File: D:/Electrónica Digital I/Proyecto version 3/Proyecto_Final_ED1-20220703T003139Z-001/Proyecto_Final_ED1/Cont_Peatonal_NP.vhd Line: 16
    Info (12023): Found entity 1: Cont_Peatonal_NP File: D:/Electrónica Digital I/Proyecto version 3/Proyecto_Final_ED1-20220703T003139Z-001/Proyecto_Final_ED1/Cont_Peatonal_NP.vhd Line: 6
Info (12021): Found 2 design units, including 1 entities, in source file maquina_estados_sem.vhd
    Info (12022): Found design unit 1: Maquina_Estados_Sem-maq_est File: D:/Electrónica Digital I/Proyecto version 3/Proyecto_Final_ED1-20220703T003139Z-001/Proyecto_Final_ED1/Maquina_Estados_Sem.vhd Line: 39
    Info (12023): Found entity 1: Maquina_Estados_Sem File: D:/Electrónica Digital I/Proyecto version 3/Proyecto_Final_ED1-20220703T003139Z-001/Proyecto_Final_ED1/Maquina_Estados_Sem.vhd Line: 7
Info (12021): Found 2 design units, including 1 entities, in source file cont_peatonal_p.vhd
    Info (12022): Found design unit 1: Cont_Peatonal_P-Cuenta_P File: D:/Electrónica Digital I/Proyecto version 3/Proyecto_Final_ED1-20220703T003139Z-001/Proyecto_Final_ED1/Cont_Peatonal_P.vhd Line: 16
    Info (12023): Found entity 1: Cont_Peatonal_P File: D:/Electrónica Digital I/Proyecto version 3/Proyecto_Final_ED1-20220703T003139Z-001/Proyecto_Final_ED1/Cont_Peatonal_P.vhd Line: 6
Info (12021): Found 2 design units, including 1 entities, in source file semaforo.vhd
    Info (12022): Found design unit 1: Semaforo-Sem File: D:/Electrónica Digital I/Proyecto version 3/Proyecto_Final_ED1-20220703T003139Z-001/Proyecto_Final_ED1/Semaforo.vhd Line: 22
    Info (12023): Found entity 1: Semaforo File: D:/Electrónica Digital I/Proyecto version 3/Proyecto_Final_ED1-20220703T003139Z-001/Proyecto_Final_ED1/Semaforo.vhd Line: 7
Info (12021): Found 2 design units, including 1 entities, in source file cont_sem.vhd
    Info (12022): Found design unit 1: Cont_Sem-conteo_sem File: D:/Electrónica Digital I/Proyecto version 3/Proyecto_Final_ED1-20220703T003139Z-001/Proyecto_Final_ED1/Cont_Sem.vhd Line: 17
    Info (12023): Found entity 1: Cont_Sem File: D:/Electrónica Digital I/Proyecto version 3/Proyecto_Final_ED1-20220703T003139Z-001/Proyecto_Final_ED1/Cont_Sem.vhd Line: 6
Info (12021): Found 2 design units, including 1 entities, in source file control_sensores.vhd
    Info (12022): Found design unit 1: Control_Sensores-Control File: D:/Electrónica Digital I/Proyecto version 3/Proyecto_Final_ED1-20220703T003139Z-001/Proyecto_Final_ED1/Control_Sensores.vhd Line: 18
    Info (12023): Found entity 1: Control_Sensores File: D:/Electrónica Digital I/Proyecto version 3/Proyecto_Final_ED1-20220703T003139Z-001/Proyecto_Final_ED1/Control_Sensores.vhd Line: 6
Info (12127): Elaborating entity "Semaforo" for the top level hierarchy
Warning (10540): VHDL Signal Declaration warning at Semaforo.vhd(162): used explicit default value for signal "Freq_deseada_1seg" because signal was never assigned a value File: D:/Electrónica Digital I/Proyecto version 3/Proyecto_Final_ED1-20220703T003139Z-001/Proyecto_Final_ED1/Semaforo.vhd Line: 162
Warning (10036): Verilog HDL or VHDL warning at Semaforo.vhd(181): object "Num_NP" assigned a value but never read File: D:/Electrónica Digital I/Proyecto version 3/Proyecto_Final_ED1-20220703T003139Z-001/Proyecto_Final_ED1/Semaforo.vhd Line: 181
Warning (10036): Verilog HDL or VHDL warning at Semaforo.vhd(182): object "Num_P" assigned a value but never read File: D:/Electrónica Digital I/Proyecto version 3/Proyecto_Final_ED1-20220703T003139Z-001/Proyecto_Final_ED1/Semaforo.vhd Line: 182
Info (12128): Elaborating entity "div_frec" for hierarchy "div_frec:Reloj1Seg" File: D:/Electrónica Digital I/Proyecto version 3/Proyecto_Final_ED1-20220703T003139Z-001/Proyecto_Final_ED1/Semaforo.vhd Line: 190
Info (12128): Elaborating entity "Control_Sensores" for hierarchy "Control_Sensores:Controlador_Sensores" File: D:/Electrónica Digital I/Proyecto version 3/Proyecto_Final_ED1-20220703T003139Z-001/Proyecto_Final_ED1/Semaforo.vhd Line: 192
Warning (10492): VHDL Process Statement warning at Control_Sensores.vhd(36): signal "Senal_Prior" is read inside the Process Statement but isn't in the Process Statement's sensitivity list File: D:/Electrónica Digital I/Proyecto version 3/Proyecto_Final_ED1-20220703T003139Z-001/Proyecto_Final_ED1/Control_Sensores.vhd Line: 36
Info (12128): Elaborating entity "Cont_Sem" for hierarchy "Cont_Sem:Contador_Tiempo" File: D:/Electrónica Digital I/Proyecto version 3/Proyecto_Final_ED1-20220703T003139Z-001/Proyecto_Final_ED1/Semaforo.vhd Line: 194
Info (12128): Elaborating entity "Maquina_Estados_Sem" for hierarchy "Maquina_Estados_Sem:MaquinaEstados" File: D:/Electrónica Digital I/Proyecto version 3/Proyecto_Final_ED1-20220703T003139Z-001/Proyecto_Final_ED1/Semaforo.vhd Line: 196
Warning (10631): VHDL Process Statement warning at Maquina_Estados_Sem.vhd(57): inferring latch(es) for signal or variable "edo_fut", which holds its previous value in one or more paths through the process File: D:/Electrónica Digital I/Proyecto version 3/Proyecto_Final_ED1-20220703T003139Z-001/Proyecto_Final_ED1/Maquina_Estados_Sem.vhd Line: 57
Info (10041): Inferred latch for "edo_fut.S4" at Maquina_Estados_Sem.vhd(57) File: D:/Electrónica Digital I/Proyecto version 3/Proyecto_Final_ED1-20220703T003139Z-001/Proyecto_Final_ED1/Maquina_Estados_Sem.vhd Line: 57
Info (10041): Inferred latch for "edo_fut.S3" at Maquina_Estados_Sem.vhd(57) File: D:/Electrónica Digital I/Proyecto version 3/Proyecto_Final_ED1-20220703T003139Z-001/Proyecto_Final_ED1/Maquina_Estados_Sem.vhd Line: 57
Info (10041): Inferred latch for "edo_fut.S2" at Maquina_Estados_Sem.vhd(57) File: D:/Electrónica Digital I/Proyecto version 3/Proyecto_Final_ED1-20220703T003139Z-001/Proyecto_Final_ED1/Maquina_Estados_Sem.vhd Line: 57
Info (10041): Inferred latch for "edo_fut.S1" at Maquina_Estados_Sem.vhd(57) File: D:/Electrónica Digital I/Proyecto version 3/Proyecto_Final_ED1-20220703T003139Z-001/Proyecto_Final_ED1/Maquina_Estados_Sem.vhd Line: 57
Info (10041): Inferred latch for "edo_fut.S0" at Maquina_Estados_Sem.vhd(57) File: D:/Electrónica Digital I/Proyecto version 3/Proyecto_Final_ED1-20220703T003139Z-001/Proyecto_Final_ED1/Maquina_Estados_Sem.vhd Line: 57
Info (12128): Elaborating entity "Cont_Peatonal_NP" for hierarchy "Cont_Peatonal_NP:Cuenta_NoPaso_Peatones" File: D:/Electrónica Digital I/Proyecto version 3/Proyecto_Final_ED1-20220703T003139Z-001/Proyecto_Final_ED1/Semaforo.vhd Line: 198
Info (12128): Elaborating entity "Cont_Peatonal_P" for hierarchy "Cont_Peatonal_P:Cuenta_Paso_Peatones" File: D:/Electrónica Digital I/Proyecto version 3/Proyecto_Final_ED1-20220703T003139Z-001/Proyecto_Final_ED1/Semaforo.vhd Line: 200
Info (12128): Elaborating entity "Bin_a_BCD" for hierarchy "Bin_a_BCD:BCD_NoPaso_Peatones" File: D:/Electrónica Digital I/Proyecto version 3/Proyecto_Final_ED1-20220703T003139Z-001/Proyecto_Final_ED1/Semaforo.vhd Line: 202
Info (12128): Elaborating entity "Selector_7Seg" for hierarchy "Selector_7Seg:Selector" File: D:/Electrónica Digital I/Proyecto version 3/Proyecto_Final_ED1-20220703T003139Z-001/Proyecto_Final_ED1/Semaforo.vhd Line: 206
Warning (10631): VHDL Process Statement warning at Selector_7Seg.vhd(65): inferring latch(es) for signal or variable "Segmentos", which holds its previous value in one or more paths through the process File: D:/Electrónica Digital I/Proyecto version 3/Proyecto_Final_ED1-20220703T003139Z-001/Proyecto_Final_ED1/Selector_7Seg.vhd Line: 65
Info (10041): Inferred latch for "Segmentos[0]" at Selector_7Seg.vhd(65) File: D:/Electrónica Digital I/Proyecto version 3/Proyecto_Final_ED1-20220703T003139Z-001/Proyecto_Final_ED1/Selector_7Seg.vhd Line: 65
Info (10041): Inferred latch for "Segmentos[1]" at Selector_7Seg.vhd(65) File: D:/Electrónica Digital I/Proyecto version 3/Proyecto_Final_ED1-20220703T003139Z-001/Proyecto_Final_ED1/Selector_7Seg.vhd Line: 65
Info (10041): Inferred latch for "Segmentos[2]" at Selector_7Seg.vhd(65) File: D:/Electrónica Digital I/Proyecto version 3/Proyecto_Final_ED1-20220703T003139Z-001/Proyecto_Final_ED1/Selector_7Seg.vhd Line: 65
Info (10041): Inferred latch for "Segmentos[3]" at Selector_7Seg.vhd(65) File: D:/Electrónica Digital I/Proyecto version 3/Proyecto_Final_ED1-20220703T003139Z-001/Proyecto_Final_ED1/Selector_7Seg.vhd Line: 65
Info (10041): Inferred latch for "Segmentos[4]" at Selector_7Seg.vhd(65) File: D:/Electrónica Digital I/Proyecto version 3/Proyecto_Final_ED1-20220703T003139Z-001/Proyecto_Final_ED1/Selector_7Seg.vhd Line: 65
Info (10041): Inferred latch for "Segmentos[5]" at Selector_7Seg.vhd(65) File: D:/Electrónica Digital I/Proyecto version 3/Proyecto_Final_ED1-20220703T003139Z-001/Proyecto_Final_ED1/Selector_7Seg.vhd Line: 65
Info (10041): Inferred latch for "Segmentos[6]" at Selector_7Seg.vhd(65) File: D:/Electrónica Digital I/Proyecto version 3/Proyecto_Final_ED1-20220703T003139Z-001/Proyecto_Final_ED1/Selector_7Seg.vhd Line: 65
Info (12128): Elaborating entity "BCD_a_7seg" for hierarchy "Selector_7Seg:Selector|BCD_a_7seg:Unidades_NP" File: D:/Electrónica Digital I/Proyecto version 3/Proyecto_Final_ED1-20220703T003139Z-001/Proyecto_Final_ED1/Selector_7Seg.vhd Line: 45
Warning (14026): LATCH primitive "Selector_7Seg:Selector|Segmentos[0]" is permanently enabled File: D:/Electrónica Digital I/Proyecto version 3/Proyecto_Final_ED1-20220703T003139Z-001/Proyecto_Final_ED1/Selector_7Seg.vhd Line: 65
Warning (14026): LATCH primitive "Selector_7Seg:Selector|Segmentos[1]" is permanently enabled File: D:/Electrónica Digital I/Proyecto version 3/Proyecto_Final_ED1-20220703T003139Z-001/Proyecto_Final_ED1/Selector_7Seg.vhd Line: 65
Warning (14026): LATCH primitive "Selector_7Seg:Selector|Segmentos[2]" is permanently enabled File: D:/Electrónica Digital I/Proyecto version 3/Proyecto_Final_ED1-20220703T003139Z-001/Proyecto_Final_ED1/Selector_7Seg.vhd Line: 65
Warning (14026): LATCH primitive "Selector_7Seg:Selector|Segmentos[3]" is permanently enabled File: D:/Electrónica Digital I/Proyecto version 3/Proyecto_Final_ED1-20220703T003139Z-001/Proyecto_Final_ED1/Selector_7Seg.vhd Line: 65
Warning (14026): LATCH primitive "Selector_7Seg:Selector|Segmentos[4]" is permanently enabled File: D:/Electrónica Digital I/Proyecto version 3/Proyecto_Final_ED1-20220703T003139Z-001/Proyecto_Final_ED1/Selector_7Seg.vhd Line: 65
Warning (14026): LATCH primitive "Selector_7Seg:Selector|Segmentos[5]" is permanently enabled File: D:/Electrónica Digital I/Proyecto version 3/Proyecto_Final_ED1-20220703T003139Z-001/Proyecto_Final_ED1/Selector_7Seg.vhd Line: 65
Warning (14026): LATCH primitive "Selector_7Seg:Selector|Segmentos[6]" is permanently enabled File: D:/Electrónica Digital I/Proyecto version 3/Proyecto_Final_ED1-20220703T003139Z-001/Proyecto_Final_ED1/Selector_7Seg.vhd Line: 65
Info (13000): Registers with preset signals will power-up high File: D:/Electrónica Digital I/Proyecto version 3/Proyecto_Final_ED1-20220703T003139Z-001/Proyecto_Final_ED1/Control_Sensores.vhd Line: 77
Info (13003): DEV_CLRn pin will set, and not reset, register with preset signal due to NOT Gate Push-Back
Info (286030): Timing-Driven Synthesis is running
Info (16010): Generating hard_block partition "hard_block:auto_generated_inst"
    Info (16011): Adding 0 node(s), including 0 DDIO, 0 PLL, 0 transceiver and 0 LCELL
Info (21057): Implemented 205 device resources after synthesis - the final resource count might be different
    Info (21058): Implemented 6 input pins
    Info (21059): Implemented 17 output pins
    Info (21061): Implemented 182 logic cells
Info: Quartus Prime Analysis & Synthesis was successful. 0 errors, 14 warnings
    Info: Peak virtual memory: 4796 megabytes
    Info: Processing ended: Tue Jul 05 15:33:49 2022
    Info: Elapsed time: 00:00:18
    Info: Total CPU time (on all processors): 00:00:36


